SF:lib\src\async\channels.dart
DA:17,1
DA:33,1
DA:34,1
DA:50,1
DA:51,2
DA:52,1
DA:67,0
DA:68,0
DA:69,0
DA:71,0
DA:72,0
DA:75,0
DA:76,0
DA:77,0
DA:78,0
DA:79,0
DA:80,0
DA:85,0
DA:86,0
DA:87,0
DA:88,0
DA:89,0
DA:90,0
DA:98,1
DA:99,2
DA:101,2
DA:102,1
DA:105,2
DA:110,1
DA:111,2
DA:112,0
DA:113,0
DA:123,1
DA:124,2
DA:126,1
DA:128,0
DA:131,1
DA:138,1
DA:139,1
DA:141,1
DA:142,0
DA:144,7
DA:147,1
DA:157,1
DA:158,4
DA:160,2
DA:161,2
DA:164,1
DA:167,1
DA:168,2
DA:170,1
DA:176,1
DA:177,2
DA:178,2
DA:187,1
DA:188,1
DA:190,1
DA:192,1
DA:193,0
DA:196,1
DA:197,1
DA:201,2
DA:204,0
DA:207,3
DA:219,1
DA:221,3
DA:222,2
DA:223,2
DA:224,0
DA:226,0
DA:232,0
DA:243,1
DA:245,1
DA:246,2
DA:252,1
DA:277,1
DA:278,1
DA:279,1
DA:281,3
DA:282,3
DA:283,1
DA:284,1
DA:287,1
DA:290,1
DA:293,2
DA:294,1
DA:314,1
DA:315,1
DA:316,0
DA:319,1
DA:320,1
DA:323,2
DA:324,2
DA:325,2
DA:326,0
DA:327,0
DA:328,0
DA:329,0
DA:331,0
DA:332,0
DA:336,1
DA:339,2
DA:340,2
DA:341,1
DA:345,1
DA:361,1
DA:365,2
LF:107
LH:74
end_of_record
SF:lib\src\collections\conditional_accessors.dart
DA:17,1
DA:18,1
DA:36,1
DA:37,1
DA:50,4
DA:58,4
DA:68,5
DA:78,1
DA:79,3
DA:89,1
DA:90,3
LF:11
LH:11
end_of_record
SF:lib\src\collections\grouping_utilities.dart
DA:19,1
DA:20,1
DA:21,2
DA:22,1
DA:23,4
DA:42,1
DA:43,1
DA:44,1
DA:46,2
DA:47,1
DA:48,1
DA:50,1
DA:71,1
DA:75,1
DA:76,2
DA:77,1
DA:78,1
DA:79,1
DA:92,1
DA:93,1
DA:94,2
DA:95,2
DA:119,1
DA:121,1
DA:123,2
DA:124,1
DA:125,1
DA:126,1
DA:148,1
DA:149,2
DA:151,1
DA:152,1
DA:154,1
DA:155,2
DA:157,3
DA:158,2
DA:161,1
DA:178,1
DA:179,3
LF:39
LH:39
end_of_record
SF:lib\src\async\async_core.dart
DA:8,3
DA:9,3
DA:30,1
DA:31,2
DA:32,1
DA:36,1
DA:39,1
DA:41,2
DA:45,2
DA:48,2
DA:49,1
DA:50,1
DA:51,3
DA:53,2
DA:58,1
DA:59,1
DA:60,2
DA:64,0
DA:67,1
DA:82,1
DA:83,4
DA:84,1
DA:99,1
DA:103,2
DA:105,3
DA:106,1
DA:108,1
DA:110,3
DA:111,3
DA:113,3
DA:115,1
DA:118,1
DA:121,1
DA:122,1
DA:136,1
DA:137,2
DA:139,1
DA:140,4
DA:144,2
DA:145,2
DA:146,1
DA:147,1
DA:149,2
DA:150,1
DA:154,3
DA:155,1
DA:160,1
DA:166,1
DA:167,3
DA:168,1
DA:170,2
DA:171,2
DA:175,3
DA:178,4
DA:182,1
DA:184,2
DA:186,1
DA:187,3
DA:189,3
DA:198,1
DA:208,1
DA:211,1
DA:221,1
DA:223,1
DA:224,2
DA:225,2
DA:229,1
DA:230,2
DA:231,1
DA:234,1
DA:235,2
DA:236,2
DA:237,1
DA:239,2
LF:74
LH:73
end_of_record
SF:lib\src\collections\safe_accessors.dart
DA:18,1
DA:19,1
DA:20,2
DA:38,1
DA:39,1
DA:42,2
DA:62,1
DA:63,1
DA:64,1
DA:66,1
DA:67,1
LF:11
LH:11
end_of_record
SF:lib\src\collections\transformation_pipelines.dart
DA:13,1
DA:14,2
DA:26,1
DA:27,2
DA:40,1
DA:41,2
DA:56,1
DA:57,1
DA:58,2
DA:59,1
DA:61,1
DA:77,1
DA:78,2
DA:88,1
DA:89,2
DA:99,1
DA:100,2
DA:110,1
DA:111,2
DA:121,1
DA:122,1
DA:124,2
DA:125,1
DA:126,1
DA:138,1
DA:139,3
DA:151,1
DA:152,1
DA:153,1
DA:165,1
DA:166,1
DA:167,1
DA:179,1
DA:180,1
DA:181,5
DA:196,1
DA:197,2
DA:198,1
DA:212,1
DA:213,1
DA:214,1
DA:217,3
DA:229,1
DA:230,1
DA:231,3
DA:232,2
DA:244,1
DA:245,1
DA:246,4
DA:256,1
DA:257,1
DA:258,4
LF:52
LH:52
end_of_record
SF:lib\src\scope_functions\also.dart
DA:21,1
DA:22,1
LF:2
LH:2
end_of_record
SF:lib\src\scope_functions\apply.dart
DA:22,1
DA:23,1
LF:2
LH:2
end_of_record
SF:lib\src\scope_functions\let.dart
DA:15,2
LF:1
LH:1
end_of_record
SF:lib\src\flutter\widget_extensions.dart
DA:12,1
DA:13,1
DA:14,1
DA:25,1
DA:26,1
DA:27,1
DA:38,0
DA:44,0
DA:45,0
DA:61,0
DA:62,0
DA:63,0
DA:74,0
DA:75,0
DA:76,0
DA:88,1
DA:89,1
DA:99,1
DA:100,1
DA:109,0
DA:110,0
DA:123,1
DA:133,1
DA:152,0
DA:153,0
DA:162,0
DA:170,0
DA:187,1
DA:188,1
DA:197,0
DA:198,0
DA:213,1
DA:214,1
DA:223,1
DA:224,1
DA:233,0
DA:234,0
DA:243,0
DA:249,0
DA:264,1
DA:269,1
DA:270,1
DA:273,1
DA:285,0
DA:286,0
DA:287,0
DA:298,0
DA:299,0
DA:308,1
DA:309,1
DA:318,0
DA:319,0
DA:331,1
DA:336,1
DA:350,1
DA:355,1
DA:369,1
DA:377,1
DA:394,1
DA:400,1
DA:415,1
DA:416,1
DA:418,1
DA:419,3
DA:420,2
DA:421,3
DA:422,1
DA:434,1
DA:435,2
LF:69
LH:41
end_of_record
SF:lib\src\scope_functions\run.dart
DA:22,2
LF:1
LH:1
end_of_record
SF:lib\src\scope_functions\use.dart
DA:21,2
DA:38,2
LF:2
LH:2
end_of_record
SF:lib\src\flutter\context_extensions.dart
DA:11,2
DA:19,3
DA:27,3
DA:35,2
DA:44,3
DA:52,4
DA:60,4
DA:68,0
DA:76,0
DA:84,0
DA:94,0
DA:104,4
DA:114,4
DA:124,0
DA:134,3
DA:135,5
DA:136,3
DA:144,2
DA:152,0
DA:160,0
DA:168,1
DA:169,2
DA:170,2
DA:180,0
DA:181,0
DA:182,0
DA:192,0
DA:193,0
DA:194,0
DA:195,0
DA:206,1
DA:207,2
DA:218,3
DA:226,1
DA:231,2
DA:232,1
DA:233,1
DA:246,1
DA:247,2
DA:248,1
DA:249,1
DA:250,2
DA:262,1
DA:263,2
DA:264,1
DA:265,1
DA:278,1
DA:279,2
DA:288,0
DA:289,0
DA:291,0
DA:304,1
DA:310,1
DA:312,2
DA:313,1
DA:314,1
DA:315,1
DA:316,1
DA:317,0
DA:318,1
DA:320,1
DA:321,2
DA:322,1
DA:336,0
DA:337,0
DA:339,0
DA:349,0
DA:350,0
LF:68
LH:45
end_of_record
SF:lib\src\reactive\reactive_streams.dart
DA:13,1
DA:14,1
DA:24,1
DA:25,1
DA:35,1
DA:36,4
DA:46,1
DA:47,1
DA:57,1
DA:61,2
DA:69,1
DA:70,1
DA:88,1
DA:93,1
DA:94,1
DA:95,1
DA:96,1
DA:97,1
DA:98,2
DA:99,1
DA:102,1
DA:103,1
DA:104,1
DA:105,1
DA:109,1
DA:110,1
DA:111,1
DA:115,1
DA:125,1
DA:131,1
DA:132,1
DA:133,1
DA:134,1
DA:136,1
DA:138,2
DA:143,1
DA:144,0
DA:145,0
DA:146,0
DA:150,1
DA:151,1
DA:152,1
DA:156,1
DA:167,1
DA:177,1
DA:179,1
DA:183,1
DA:184,1
DA:185,1
DA:186,1
DA:189,1
DA:191,1
DA:192,2
DA:195,1
DA:196,1
DA:199,1
DA:201,1
DA:202,0
DA:205,1
DA:206,1
DA:207,1
DA:211,1
DA:222,1
DA:228,1
DA:229,1
DA:230,1
DA:231,1
DA:235,1
DA:236,1
DA:237,1
DA:238,1
DA:239,1
DA:243,1
DA:244,1
DA:245,1
DA:249,1
DA:250,1
DA:251,1
DA:255,1
DA:265,1
DA:266,2
DA:267,1
DA:281,1
DA:282,1
DA:292,1
DA:294,2
DA:305,1
DA:306,2
DA:307,1
DA:319,1
DA:323,1
DA:324,1
DA:325,1
DA:326,1
DA:327,1
DA:328,1
DA:329,1
DA:330,1
DA:334,2
DA:337,1
DA:347,1
DA:348,2
DA:349,1
DA:360,1
DA:362,1
DA:364,1
DA:365,1
DA:367,1
DA:368,0
DA:373,1
DA:374,1
DA:376,1
DA:377,2
DA:378,1
DA:381,1
DA:383,1
DA:384,1
DA:387,1
DA:397,1
DA:401,1
DA:402,1
DA:404,2
DA:405,1
DA:409,1
DA:410,1
DA:411,1
DA:412,1
DA:415,2
DA:418,1
DA:428,1
DA:432,1
DA:433,1
DA:434,1
DA:435,1
DA:436,1
DA:437,1
DA:439,2
DA:440,1
DA:442,1
DA:446,2
DA:449,1
DA:459,1
DA:463,1
DA:464,1
DA:465,2
DA:466,1
DA:467,1
DA:468,1
DA:469,1
DA:473,2
DA:476,1
DA:488,1
DA:489,4
DA:499,1
DA:500,1
DA:509,1
DA:510,3
DA:521,1
DA:522,2
DA:525,1
DA:526,1
DA:528,1
DA:529,1
DA:530,1
DA:531,1
DA:535,1
DA:536,1
DA:537,2
DA:538,1
DA:539,1
DA:540,1
DA:543,1
DA:546,1
DA:547,2
DA:548,1
DA:553,1
DA:562,1
DA:563,2
DA:572,1
DA:573,1
LF:180
LH:175
end_of_record
